------- FILE tunnel.asm LEVEL 1 PASS 1
      1  2000					      ORG	$2000
      2  2000
      3  2000		       04 00	   SCREEN     =	$0400
      4  2000
      5  2000							; -------------------------
      6  2000							; Zmienne
      7  2000							; -------------------------
      8  2000		       00	   PHASE      .BYTE.b	0
      9  2001
     10  2001							; -------------------------
     11  2001							; Start
     12  2001							; -------------------------
     13  2001				   START
     14  2001				   MAIN
tunnel.asm (15): error: Unknown Mnemonic 'JSR'.
     15  2001					      JSR	DRAW
tunnel.asm (16): error: Unknown Mnemonic 'INC'.
     16  2001					      INC	PHASE
tunnel.asm (17): error: Unknown Mnemonic 'JMP'.
     17  2001					      JMP	MAIN
     18  2001
     19  2001							; -------------------------
     20  2001							; Rysowanie (960 bajtów)
     21  2001							; -------------------------
     22  2001				   DRAW
tunnel.asm (23): error: Unknown Mnemonic 'LDX'.
     23  2001					      LDX	PHASE	; przesunięcie animacji
     24  2001
     25  2001							; ===== strona 1 ($0400-$04FF)
tunnel.asm (26): error: Unknown Mnemonic 'LDY'.
     26  2001					      LDY	#0
     27  2001				   LOOP1
tunnel.asm (28): error: Unknown Mnemonic 'LDA'.
     28  2001					      LDA	DIST_TABLE,X
tunnel.asm (29): error: Unknown Mnemonic 'AND'.
     29  2001					      AND	#$0F
tunnel.asm (30): error: Unknown Mnemonic 'TAX'.
     30  2001					      TAX
tunnel.asm (31): error: Unknown Mnemonic 'LDA'.
     31  2001					      LDA	SHADE_TABLE,X
tunnel.asm (32): error: Unknown Mnemonic 'STA'.
     32  2001					      STA	SCREEN,Y
     33  2001
tunnel.asm (34): error: Unknown Mnemonic 'INX'.
     34  2001					      INX
tunnel.asm (35): error: Unknown Mnemonic 'INY'.
     35  2001					      INY
tunnel.asm (36): error: Unknown Mnemonic 'BNE'.
     36  2001					      BNE	LOOP1
     37  2001
     38  2001							; ===== strona 2 ($0500-$05FF)
tunnel.asm (39): error: Unknown Mnemonic 'LDY'.
     39  2001					      LDY	#0
     40  2001				   LOOP2
tunnel.asm (41): error: Unknown Mnemonic 'LDA'.
     41  2001					      LDA	DIST_TABLE+256,X
tunnel.asm (42): error: Unknown Mnemonic 'AND'.
     42  2001					      AND	#$0F
tunnel.asm (43): error: Unknown Mnemonic 'TAX'.
     43  2001					      TAX
tunnel.asm (44): error: Unknown Mnemonic 'LDA'.
     44  2001					      LDA	SHADE_TABLE,X
tunnel.asm (45): error: Unknown Mnemonic 'STA'.
     45  2001					      STA	SCREEN+$100,Y
     46  2001
tunnel.asm (47): error: Unknown Mnemonic 'INX'.
     47  2001					      INX
tunnel.asm (48): error: Unknown Mnemonic 'INY'.
     48  2001					      INY
tunnel.asm (49): error: Unknown Mnemonic 'BNE'.
     49  2001					      BNE	LOOP2
     50  2001
     51  2001							; ===== strona 3 ($0600-$06BF) ~192 bajty
tunnel.asm (52): error: Unknown Mnemonic 'LDY'.
     52  2001					      LDY	#0
     53  2001				   LOOP3
tunnel.asm (54): error: Unknown Mnemonic 'CPY'.
     54  2001					      CPY	#192
tunnel.asm (55): error: Unknown Mnemonic 'BEQ'.
     55  2001					      BEQ	END
     56  2001
tunnel.asm (57): error: Unknown Mnemonic 'LDA'.
     57  2001					      LDA	DIST_TABLE+512,X
tunnel.asm (58): error: Unknown Mnemonic 'AND'.
     58  2001					      AND	#$0F
tunnel.asm (59): error: Unknown Mnemonic 'TAX'.
     59  2001					      TAX
tunnel.asm (60): error: Unknown Mnemonic 'LDA'.
     60  2001					      LDA	SHADE_TABLE,X
tunnel.asm (61): error: Unknown Mnemonic 'STA'.
     61  2001					      STA	SCREEN+$200,Y
     62  2001
tunnel.asm (63): error: Unknown Mnemonic 'INX'.
     63  2001					      INX
tunnel.asm (64): error: Unknown Mnemonic 'INY'.
     64  2001					      INY
tunnel.asm (65): error: Unknown Mnemonic 'JMP'.
     65  2001					      JMP	LOOP3
     66  2001
     67  2001				   END
tunnel.asm (68): error: Unknown Mnemonic 'RTS'.
     68  2001					      RTS
     69  2001
     70  2001							; -------------------------
     71  2001							; Tablica cieniowania
     72  2001							; -------------------------
     73  2001				   SHADE_TABLE
     74  2001		       20 2e 3a 4f*	      .BYTE.b	32,46,58,79,88,79,58,46
     75  2009		       20 00 20 2e*	      .BYTE.b	32,0,32,46,58,79,88,79
     76  2011
     77  2011							; -------------------------
     78  2011							; Tablica dystansu (skrócona!)
     79  2011							; prawdziwą wygenerujemy w Pythonie
     80  2011							; -------------------------
     81  2011				   DIST_TABLE
     82  2011		       07 06 05 04*	      .BYTE.b	7,6,5,4,4,3,2,1,0,0,15,15,14,13,13,13
     83  2021		       0c 0c 0c 0c*	      .BYTE.b	12,12,12,12,12,12,12,12,12,13,13,13,14,15,15,0
     84  2031		       00 01 02 03*	      .BYTE.b	0,1,2,3,4,4,5,6,6,5,5,4,3,2,1,1
     85  2041		       00 0f 0e 0e*	      .BYTE.b	0,15,14,14,13,13,12,12,11,11,11,11,11,11,11,11
     86  2051		       0b 0c 0c 0d*	      .BYTE.b	11,12,12,13,13,14,14,15,0,1,1,2,3,4,5,5
     87  2061		       06 05 04 03*	      .BYTE.b	6,5,4,3,2,2,1,0,15,14,14,13,12,12,11,11
     88  2071		       0a 0a 0a 0a*	      .BYTE.b	10,10,10,10,10,10,10,10,10,11,11,12,12,13,14,14
     89  2081		       0f 00 01 02*	      .BYTE.b	15,0,1,2,2,3,4,5,5,5,4,3,2,1,0,15
     90  2091		       0f 0e 0d 0c*	      .BYTE.b	15,14,13,12,12,11,10,10,9,9,9,9,9,9,9,9
     91  20a1		       09 0a 0a 0b*	      .BYTE.b	9,10,10,11,12,12,13,14,15,15,0,1,2,3,4,5
     92  20b1		       05 04 03 02*	      .BYTE.b	5,4,3,2,1,1,0,15,14,13,12,12,11,10,10,9
     93  20c1		       08 08 08 08*	      .BYTE.b	8,8,8,8,8,8,8,8,8,9,10,10,11,12,12,13
     94  20d1		       0e 0f 00 01*	      .BYTE.b	14,15,0,1,1,2,3,4,5,4,3,2,1,0,15,14
     95  20e1		       0d 0d 0c 0b*	      .BYTE.b	13,13,12,11,10,9,9,8,8,7,7,7,7,7,7,7
     96  20f1		       08 08 09 09*	      .BYTE.b	8,8,9,9,10,11,12,13,13,14,15,0,1,2,3,4
     97  2101		       04 03 02 02*	      .BYTE.b	4,3,2,2,1,0,15,14,13,12,11,10,10,9,8,7
     98  2111		       07 06 06 06*	      .BYTE.b	7,6,6,6,6,6,6,6,7,7,8,9,10,10,11,12
     99  2121		       0d 0e 0f 00*	      .BYTE.b	13,14,15,0,1,2,2,3,4,3,2,1,0,15,14,13
    100  2131		       0d 0c 0b 0a*	      .BYTE.b	13,12,11,10,9,8,7,7,6,5,5,5,5,5,5,5
    101  2141		       06 07 07 08*	      .BYTE.b	6,7,7,8,9,10,11,12,13,13,14,15,0,1,2,3
    102  2151		       04 03 02 01*	      .BYTE.b	4,3,2,1,0,15,14,13,12,11,10,9,8,8,7,6
    103  2161		       05 05 04 04*	      .BYTE.b	5,5,4,4,4,4,4,5,5,6,7,8,8,9,10,11
    104  2171		       0c 0d 0e 0f*	      .BYTE.b	12,13,14,15,0,1,2,3,4,3,2,1,0,15,14,13
    105  2181		       0c 0b 0a 09*	      .BYTE.b	12,11,10,9,8,7,6,5,5,4,3,3,3,3,3,4
    106  2191		       05 05 06 07*	      .BYTE.b	5,5,6,7,8,9,10,11,12,13,14,15,0,1,2,3
    107  21a1		       04 03 02 01*	      .BYTE.b	4,3,2,1,0,15,14,13,12,11,10,9,8,7,6,5
    108  21b1		       04 03 02 02*	      .BYTE.b	4,3,2,2,2,2,2,3,4,5,6,7,8,9,10,11
    109  21c1		       0c 0d 0e 0f*	      .BYTE.b	12,13,14,15,0,1,2,3,4,3,2,1,0,15,14,13
    110  21d1		       0c 0b 0a 09*	      .BYTE.b	12,11,10,9,8,7,6,5,4,3,2,1,1,1,2,3
    111  21e1		       04 05 06 07*	      .BYTE.b	4,5,6,7,8,9,10,11,12,13,14,15,0,1,2,3
    112  21f1		       04 03 02 01*	      .BYTE.b	4,3,2,1,0,15,14,13,12,11,10,9,8,7,6,5
    113  2201		       04 03 02 01*	      .BYTE.b	4,3,2,1,0,1,2,3,4,5,6,7,8,9,10,11
    114  2211		       0c 0d 0e 0f*	      .BYTE.b	12,13,14,15,0,1,2,3,4,3,2,1,0,15,14,13
    115  2221		       0c 0b 0a 09*	      .BYTE.b	12,11,10,9,8,7,6,5,4,3,2,1,1,1,2,3
    116  2231		       04 05 06 07*	      .BYTE.b	4,5,6,7,8,9,10,11,12,13,14,15,0,1,2,3
    117  2241		       04 03 02 01*	      .BYTE.b	4,3,2,1,0,15,14,13,12,11,10,9,8,7,6,5
    118  2251		       04 03 02 02*	      .BYTE.b	4,3,2,2,2,2,2,3,4,5,6,7,8,9,10,11
    119  2261		       0c 0d 0e 0f*	      .BYTE.b	12,13,14,15,0,1,2,3,4,3,2,1,0,15,14,13
    120  2271		       0c 0b 0a 09*	      .BYTE.b	12,11,10,9,8,7,6,5,5,4,3,3,3,3,3,4
    121  2281		       05 05 06 07*	      .BYTE.b	5,5,6,7,8,9,10,11,12,13,14,15,0,1,2,3
    122  2291		       04 03 02 01*	      .BYTE.b	4,3,2,1,0,15,14,13,12,11,10,9,8,8,7,6
    123  22a1		       05 05 04 04*	      .BYTE.b	5,5,4,4,4,4,4,5,5,6,7,8,8,9,10,11
    124  22b1		       0c 0d 0e 0f*	      .BYTE.b	12,13,14,15,0,1,2,3,4,3,2,1,0,15,14,13
    125  22c1		       0d 0c 0b 0a*	      .BYTE.b	13,12,11,10,9,8,7,7,6,5,5,5,5,5,5,5
    126  22d1		       06 07 07 08*	      .BYTE.b	6,7,7,8,9,10,11,12,13,13,14,15,0,1,2,3
    127  22e1		       04 03 02 02*	      .BYTE.b	4,3,2,2,1,0,15,14,13,12,11,10,10,9,8,7
    128  22f1		       07 06 06 06*	      .BYTE.b	7,6,6,6,6,6,6,6,7,7,8,9,10,10,11,12
    129  2301		       0d 0e 0f 00*	      .BYTE.b	13,14,15,0,1,2,2,3,5,4,3,2,1,0,15,14
    130  2311		       0d 0d 0c 0b*	      .BYTE.b	13,13,12,11,10,9,9,8,8,7,7,7,7,7,7,7
    131  2321		       08 08 09 09*	      .BYTE.b	8,8,9,9,10,11,12,13,13,14,15,0,1,2,3,4
    132  2331		       05 04 03 02*	      .BYTE.b	5,4,3,2,1,1,0,15,14,13,12,12,11,10,10,9
    133  2341		       08 08 08 08*	      .BYTE.b	8,8,8,8,8,8,8,8,8,9,10,10,11,12,12,13
    134  2351		       0e 0f 00 01*	      .BYTE.b	14,15,0,1,1,2,3,4,5,5,4,3,2,1,0,15
    135  2361		       0f 0e 0d 0c*	      .BYTE.b	15,14,13,12,12,11,10,10,9,9,9,9,9,9,9,9
    136  2371		       09 0a 0a 0b*	      .BYTE.b	9,10,10,11,12,12,13,14,15,15,0,1,2,3,4,5
    137  2381		       06 05 04 03*	      .BYTE.b	6,5,4,3,2,2,1,0,15,14,14,13,12,12,11,11
    138  2391		       0a 0a 0a 0a*	      .BYTE.b	10,10,10,10,10,10,10,10,10,11,11,12,12,13,14,14
    139  23a1		       0f 00 01 02*	      .BYTE.b	15,0,1,2,2,3,4,5,6,5,5,4,3,2,1,1
    140  23b1		       00 0f 0e 0e*	      .BYTE.b	0,15,14,14,13,13,12,12,11,11,11,11,11,11,11,11
    141  23c1		       0b 0c 0c 0d*	      .BYTE.b	11,12,12,13,13,14,14,15,0,1,1,2,3,4,5,5
